Jan 05, 2021 8:49:21 PM ventanas.VentanaInicio$1 actionPerformed
INFO: Ha funcionado el boton cliente.
Jan 05, 2021 8:49:22 PM ventanas.VentanaIdentif$1 actionPerformed
INFO: Se ha iniciado sesion como cliente.
Jan 05, 2021 8:49:27 PM ventanas.VentanaLoginCliente comprobar
INFO: Se ha cargado correctamente la base de datos.
Jan 05, 2021 8:49:27 PM ventanas.VentanaLoginCliente comprobar
INFO: Ha comparado correctamente el usuario y la contraseña.
Jan 05, 2021 8:49:27 PM ventanas.VentanaLoginCliente$1 actionPerformed
INFO: Se ha loggeado el cliente.
Jan 05, 2021 8:49:43 PM ventanas.VentanaClienteInicio$1 actionPerformed
INFO: Ha funcionado el boton panaderia.
Jan 05, 2021 8:49:49 PM ventanas.VentanaCompra$5 actionPerformed
INFO: Ha funcionado el boton volver.
Jan 05, 2021 8:49:49 PM ventanas.VentanaCompra$5 actionPerformed
INFO: Ha funcionado el boton compro.
Jan 05, 2021 8:49:50 PM ventanas.VentanaClienteInicio$4 actionPerformed
INFO: Ha funcionado el boton mi carro.
Jan 05, 2021 8:49:51 PM ventanas.VentanaMiCarro$2 actionPerformed
INFO: Ha funcionado el boton comprar.
Jan 05, 2021 8:49:58 PM ventanas.VentanaClienteConfirmacionCompra$4 actionPerformed
INFO: Ha funcionado el boton confirmar.
Jan 05, 2021 8:54:43 PM ventanas.VentanaInicio$1 actionPerformed
INFO: Ha funcionado el boton cliente.
Jan 05, 2021 8:54:44 PM ventanas.VentanaIdentif$1 actionPerformed
INFO: Se ha iniciado sesion como cliente.
Jan 05, 2021 8:54:48 PM ventanas.VentanaLoginCliente comprobar
INFO: Se ha cargado correctamente la base de datos.
Jan 05, 2021 8:54:48 PM ventanas.VentanaLoginCliente comprobar
INFO: Ha comparado correctamente el usuario y la contraseña.
Jan 05, 2021 8:54:48 PM ventanas.VentanaLoginCliente$1 actionPerformed
INFO: Se ha loggeado el cliente.
Jan 05, 2021 8:54:50 PM ventanas.VentanaClienteInicio$2 actionPerformed
INFO: Ha funcionado el boton pasteleria.
Jan 05, 2021 8:54:51 PM ventanas.VentanaIdentif$1 actionPerformed
INFO: Se ha iniciado sesion como cliente.
Jan 05, 2021 8:54:54 PM ventanas.VentanaLoginCliente comprobar
INFO: Se ha cargado correctamente la base de datos.
Jan 05, 2021 8:54:54 PM ventanas.VentanaLoginCliente comprobar
INFO: Ha comparado correctamente el usuario y la contraseña.
Jan 05, 2021 8:54:54 PM ventanas.VentanaLoginCliente$1 actionPerformed
INFO: Se ha loggeado el cliente.
Jan 05, 2021 8:54:55 PM ventanas.VentanaClienteInicio$1 actionPerformed
INFO: Ha funcionado el boton panaderia.
Jan 05, 2021 8:54:58 PM ventanas.VentanaCompra$5 actionPerformed
INFO: Ha funcionado el boton volver.
Jan 05, 2021 8:54:58 PM ventanas.VentanaCompra$5 actionPerformed
INFO: Ha funcionado el boton compro.
Jan 05, 2021 8:54:59 PM ventanas.VentanaClienteInicio$4 actionPerformed
INFO: Ha funcionado el boton mi carro.
Jan 05, 2021 8:55:00 PM ventanas.VentanaMiCarro$2 actionPerformed
INFO: Ha funcionado el boton comprar.
Jan 05, 2021 8:55:02 PM ventanas.VentanaClienteConfirmacionCompra$4 actionPerformed
INFO: Ha funcionado el boton confirmar.
Jan 05, 2021 8:57:17 PM ventanas.VentanaInicio$1 actionPerformed
INFO: Ha funcionado el boton cliente.
Jan 05, 2021 8:57:18 PM ventanas.VentanaIdentif$1 actionPerformed
INFO: Se ha iniciado sesion como cliente.
Jan 05, 2021 8:57:51 PM ventanas.VentanaLoginCliente comprobar
INFO: Se ha cargado correctamente la base de datos.
Jan 05, 2021 8:57:51 PM ventanas.VentanaLoginCliente comprobar
INFO: Ha comparado correctamente el usuario y la contraseña.
Jan 05, 2021 8:57:51 PM ventanas.VentanaLoginCliente$1 actionPerformed
INFO: Se ha loggeado el cliente.
Jan 05, 2021 8:57:52 PM ventanas.VentanaClienteInicio$2 actionPerformed
INFO: Ha funcionado el boton pasteleria.
Jan 05, 2021 8:57:58 PM ventanas.VentanaIdentif$1 actionPerformed
INFO: Se ha iniciado sesion como cliente.
Jan 05, 2021 9:05:05 PM ventanas.VentanaInicio$1 actionPerformed
INFO: Ha funcionado el boton cliente.
Jan 05, 2021 9:05:06 PM ventanas.VentanaIdentif$1 actionPerformed
INFO: Se ha iniciado sesion como cliente.
Jan 05, 2021 9:05:10 PM ventanas.VentanaLoginCliente comprobar
INFO: Se ha cargado correctamente la base de datos.
Jan 05, 2021 9:05:10 PM ventanas.VentanaLoginCliente comprobar
INFO: Ha comparado correctamente el usuario y la contraseña.
Jan 05, 2021 9:05:10 PM ventanas.VentanaLoginCliente$1 actionPerformed
INFO: Se ha loggeado el cliente.
Jan 05, 2021 9:05:12 PM ventanas.VentanaClienteInicio$2 actionPerformed
INFO: Ha funcionado el boton pasteleria.
Jan 05, 2021 9:05:14 PM ventanas.VentanaClienteInicio$3 actionPerformed
INFO: Ha funcionado el boton cocina.
Jan 05, 2021 9:05:22 PM ventanas.VentanaCompra$9 actionPerformed
INFO: Ha funcionado el boton volver.
Jan 05, 2021 9:05:22 PM ventanas.VentanaCompra$9 actionPerformed
INFO: Ha funcionado el boton compro.
Jan 05, 2021 9:05:24 PM ventanas.VentanaClienteInicio$4 actionPerformed
INFO: Ha funcionado el boton mi carro.
Jan 05, 2021 9:05:25 PM ventanas.VentanaMiCarro$2 actionPerformed
INFO: Ha funcionado el boton comprar.
Jan 05, 2021 9:05:28 PM ventanas.VentanaClienteConfirmacionCompra$4 actionPerformed
INFO: Ha funcionado el boton confirmar.
Jan 05, 2021 9:05:32 PM ventanas.VentanaClienteInicio$2 actionPerformed
INFO: Ha funcionado el boton pasteleria.
Jan 05, 2021 9:05:33 PM ventanas.VentanaClienteInicio$1 actionPerformed
INFO: Ha funcionado el boton panaderia.
Jan 05, 2021 9:05:39 PM ventanas.VentanaCompra$5 actionPerformed
INFO: Ha funcionado el boton volver.
Jan 05, 2021 9:05:39 PM ventanas.VentanaCompra$5 actionPerformed
INFO: Ha funcionado el boton compro.
Jan 05, 2021 9:05:40 PM ventanas.VentanaClienteInicio$4 actionPerformed
INFO: Ha funcionado el boton mi carro.
Jan 05, 2021 9:05:41 PM ventanas.VentanaMiCarro$2 actionPerformed
INFO: Ha funcionado el boton comprar.
Jan 05, 2021 9:05:44 PM ventanas.VentanaClienteConfirmacionCompra$4 actionPerformed
INFO: Ha funcionado el boton confirmar.
ene. 08, 2021 12:00:32 P. M. ventanas.VentanaInicio$1 actionPerformed
INFO: Ha funcionado el boton cliente.
ene. 08, 2021 12:00:33 P. M. ventanas.VentanaIdentif$2 actionPerformed
INFO: Se ha registrado como cliente.
ene. 08, 2021 12:01:22 P. M. ventanas.VentanaCrearCliente$2 actionPerformed
INFO: Ha funcionado la funcion agregar.
ene. 08, 2021 12:01:35 P. M. ventanas.VentanaLoginCliente comprobar
INFO: Se ha cargado correctamente la base de datos.
ene. 08, 2021 12:01:35 P. M. ventanas.VentanaLoginCliente comprobar
INFO: Ha comparado correctamente el usuario y la contraseña.
ene. 08, 2021 12:01:35 P. M. ventanas.VentanaLoginCliente$1 actionPerformed
INFO: Se ha loggeado el cliente.
ene. 08, 2021 12:01:47 P. M. ventanas.VentanaClienteInicio$1 actionPerformed
INFO: Ha funcionado el boton panaderia.
ene. 08, 2021 12:01:55 P. M. ventanas.VentanaCompra$4 actionPerformed
INFO: Ha funcionado el boton comprar.
ene. 08, 2021 12:01:55 P. M. ventanas.VentanaCompra$4 actionPerformed
INFO: Ha funcionado el boton retirar.
ene. 08, 2021 12:01:56 P. M. ventanas.VentanaCompra$4 actionPerformed
INFO: Ha funcionado el boton comprar.
ene. 08, 2021 12:02:03 P. M. ventanas.VentanaCompra$5 actionPerformed
INFO: Ha funcionado el boton volver.
ene. 08, 2021 12:02:03 P. M. ventanas.VentanaCompra$5 actionPerformed
INFO: Ha funcionado el boton compro.
ene. 08, 2021 12:02:09 P. M. ventanas.VentanaClienteInicio$4 actionPerformed
INFO: Ha funcionado el boton mi carro.
ene. 08, 2021 12:02:13 P. M. ventanas.VentanaMiCarro$2 actionPerformed
INFO: Ha funcionado el boton comprar.
ene. 08, 2021 12:02:18 P. M. ventanas.VentanaClienteConfirmacionCompra$4 actionPerformed
INFO: Ha funcionado el boton confirmar.
